{"/Users/rosa.berned/Desktop/the-API/config.ts": {"path":"/Users/rosa.berned/Desktop/the-API/config.ts","statementMap":{"0":{"start":{"line":1,"column":0},"end":{"line":1,"column":28}},"1":{"start":{"line":3,"column":0},"end":{"line":3,"column":16}},"2":{"start":{"line":5,"column":15},"end":{"line":14,"column":2}},"3":{"start":{"line":16,"column":0},"end":{"line":16,"column":22}}},"fnMap":{},"branchMap":{"0":{"loc":{"start":{"line":6,"column":8},"end":{"line":6,"column":32}},"type":"binary-expr","locations":[{"start":{"line":6,"column":8},"end":{"line":6,"column":24}},{"start":{"line":6,"column":28},"end":{"line":6,"column":32}}]},"1":{"loc":{"start":{"line":7,"column":12},"end":{"line":7,"column":46}},"type":"binary-expr","locations":[{"start":{"line":7,"column":12},"end":{"line":7,"column":32}},{"start":{"line":7,"column":36},"end":{"line":7,"column":46}}]},"2":{"loc":{"start":{"line":9,"column":4},"end":{"line":10,"column":134}},"type":"binary-expr","locations":[{"start":{"line":9,"column":4},"end":{"line":9,"column":30}},{"start":{"line":10,"column":4},"end":{"line":10,"column":134}}]},"3":{"loc":{"start":{"line":13,"column":4},"end":{"line":13,"column":78}},"type":"binary-expr","locations":[{"start":{"line":13,"column":4},"end":{"line":13,"column":29}},{"start":{"line":13,"column":33},"end":{"line":13,"column":78}}]}},"s":{"0":2,"1":2,"2":2,"3":2},"f":{},"b":{"0":[2,2],"1":[2,2],"2":[2,2],"3":[2,2]}}
,"/Users/rosa.berned/Desktop/the-API/src/models/user.model.ts": {"path":"/Users/rosa.berned/Desktop/the-API/src/models/user.model.ts","statementMap":{"0":{"start":{"line":1,"column":0},"end":{"line":1,"column":42}},"1":{"start":{"line":3,"column":0},"end":{"line":3,"column":64}},"2":{"start":{"line":10,"column":18},"end":{"line":10,"column":50}},"3":{"start":{"line":12,"column":0},"end":{"line":12,"column":25}}},"fnMap":{},"branchMap":{},"s":{"0":6,"1":6,"2":6,"3":6},"f":{},"b":{}}
,"/Users/rosa.berned/Desktop/the-API/src/modules/user/do/schemas/user.schema.ts": {"path":"/Users/rosa.berned/Desktop/the-API/src/modules/user/do/schemas/user.schema.ts","statementMap":{"0":{"start":{"line":1,"column":0},"end":{"line":1,"column":34}},"1":{"start":{"line":4,"column":19},"end":{"line":14,"column":2}},"2":{"start":{"line":16,"column":0},"end":{"line":16,"column":26}}},"fnMap":{},"branchMap":{},"s":{"0":6,"1":6,"2":6},"f":{},"b":{}}
,"/Users/rosa.berned/Desktop/the-API/src/modules/user/repos/index.ts": {"path":"/Users/rosa.berned/Desktop/the-API/src/modules/user/repos/index.ts","statementMap":{"0":{"start":{"line":1,"column":0},"end":{"line":1,"column":40}},"1":{"start":{"line":2,"column":0},"end":{"line":2,"column":33}}},"fnMap":{},"branchMap":{},"s":{"0":2,"1":2},"f":{},"b":{}}
,"/Users/rosa.berned/Desktop/the-API/src/modules/user/repos/login.user.mongo-repo.ts": {"path":"/Users/rosa.berned/Desktop/the-API/src/modules/user/repos/login.user.mongo-repo.ts","statementMap":{"0":{"start":{"line":2,"column":0},"end":{"line":2,"column":51}},"1":{"start":{"line":8,"column":4},"end":{"line":8,"column":28}},"2":{"start":{"line":12,"column":4},"end":{"line":12,"column":40}},"3":{"start":{"line":16,"column":4},"end":{"line":16,"column":37}},"4":{"start":{"line":23,"column":4},"end":{"line":23,"column":54}},"5":{"start":{"line":27,"column":9},"end":{"line":27,"column":22}}},"fnMap":{"0":{"name":"(anonymous_8)","decl":{"start":{"line":7,"column":15},"end":{"line":7,"column":26}},"loc":{"start":{"line":7,"column":26},"end":{"line":9,"column":null}}},"1":{"name":"(anonymous_10)","decl":{"start":{"line":11,"column":15},"end":{"line":11,"column":29}},"loc":{"start":{"line":11,"column":43},"end":{"line":13,"column":null}}},"2":{"name":"(anonymous_12)","decl":{"start":{"line":15,"column":15},"end":{"line":15,"column":25}},"loc":{"start":{"line":15,"column":51},"end":{"line":17,"column":null}}},"3":{"name":"(anonymous_14)","decl":{"start":{"line":19,"column":15},"end":{"line":19,"column":28}},"loc":{"start":{"line":21,"column":17},"end":{"line":24,"column":null}}}},"branchMap":{},"s":{"0":6,"1":1,"2":2,"3":1,"4":2,"5":6},"f":{"0":1,"1":2,"2":1,"3":2},"b":{}}
,"/Users/rosa.berned/Desktop/the-API/src/modules/user/useCases/getUsers/get-users.use-case.ts": {"path":"/Users/rosa.berned/Desktop/the-API/src/modules/user/useCases/getUsers/get-users.use-case.ts","statementMap":{"0":{"start":{"line":13,"column":8},"end":{"line":13,"column":35}},"1":{"start":{"line":17,"column":8},"end":{"line":17,"column":44}},"2":{"start":{"line":21,"column":0},"end":{"line":21,"column":31}}},"fnMap":{"0":{"name":"(anonymous_7)","decl":{"start":{"line":12,"column":4},"end":{"line":12,"column":16}},"loc":{"start":{"line":12,"column":37},"end":{"line":14,"column":5}}},"1":{"name":"(anonymous_8)","decl":{"start":{"line":16,"column":17},"end":{"line":16,"column":24}},"loc":{"start":{"line":16,"column":24},"end":{"line":18,"column":null}}}},"branchMap":{},"s":{"0":2,"1":1,"2":2},"f":{"0":2,"1":1},"b":{}}
,"/Users/rosa.berned/Desktop/the-API/src/modules/user/useCases/loginUser/login-user.errors.ts": {"path":"/Users/rosa.berned/Desktop/the-API/src/modules/user/useCases/loginUser/login-user.errors.ts","statementMap":{"0":{"start":{"line":1,"column":0},"end":{"line":1,"column":null}},"1":{"start":{"line":4,"column":6},"end":{"line":4,"column":39}},"2":{"start":{"line":2,"column":15},"end":{"line":6,"column":null}},"3":{"start":{"line":10,"column":6},"end":{"line":10,"column":35}},"4":{"start":{"line":8,"column":15},"end":{"line":12,"column":null}}},"fnMap":{"0":{"name":"(anonymous_0)","decl":{"start":{"line":1,"column":0},"end":{"line":1,"column":17}},"loc":{"start":{"line":1,"column":32},"end":{"line":13,"column":1}}},"1":{"name":"(anonymous_1)","decl":{"start":{"line":3,"column":4},"end":{"line":3,"column":16}},"loc":{"start":{"line":3,"column":29},"end":{"line":5,"column":5}}},"2":{"name":"(anonymous_2)","decl":{"start":{"line":9,"column":4},"end":{"line":9,"column":null}},"loc":{"start":{"line":9,"column":4},"end":{"line":11,"column":5}}}},"branchMap":{"0":{"loc":{"start":{"line":1,"column":17},"end":{"line":1,"column":null}},"type":"binary-expr","locations":[{"start":{"line":1,"column":17},"end":{"line":1,"column":32}},{"start":{"line":1,"column":17},"end":{"line":1,"column":null}}]}},"s":{"0":2,"1":2,"2":2,"3":1,"4":2},"f":{"0":2,"1":2,"2":1},"b":{"0":[2,2]}}
,"/Users/rosa.berned/Desktop/the-API/src/modules/user/useCases/loginUser/login-user.use-case.ts": {"path":"/Users/rosa.berned/Desktop/the-API/src/modules/user/useCases/loginUser/login-user.use-case.ts","statementMap":{"0":{"start":{"line":1,"column":0},"end":{"line":1,"column":31}},"1":{"start":{"line":2,"column":0},"end":{"line":2,"column":28}},"2":{"start":{"line":6,"column":0},"end":{"line":6,"column":54}},"3":{"start":{"line":7,"column":0},"end":{"line":7,"column":43}},"4":{"start":{"line":17,"column":4},"end":{"line":17,"column":31}},"5":{"start":{"line":21,"column":32},"end":{"line":21,"column":43}},"6":{"start":{"line":22,"column":22},"end":{"line":22,"column":64}},"7":{"start":{"line":24,"column":4},"end":{"line":26,"column":null}},"8":{"start":{"line":25,"column":6},"end":{"line":25,"column":52}},"9":{"start":{"line":28,"column":30},"end":{"line":30,"column":null}},"10":{"start":{"line":33,"column":4},"end":{"line":35,"column":null}},"11":{"start":{"line":34,"column":6},"end":{"line":34,"column":50}},"12":{"start":{"line":37,"column":18},"end":{"line":42,"column":null}},"13":{"start":{"line":45,"column":4},"end":{"line":45,"column":61}},"14":{"start":{"line":47,"column":4},"end":{"line":47,"column":21}},"15":{"start":{"line":13,"column":0},"end":{"line":13,"column":13}}},"fnMap":{"0":{"name":"(anonymous_8)","decl":{"start":{"line":16,"column":2},"end":{"line":16,"column":14}},"loc":{"start":{"line":16,"column":35},"end":{"line":18,"column":3}}},"1":{"name":"(anonymous_9)","decl":{"start":{"line":20,"column":15},"end":{"line":20,"column":22}},"loc":{"start":{"line":20,"column":49},"end":{"line":48,"column":null}}}},"branchMap":{"0":{"loc":{"start":{"line":24,"column":4},"end":{"line":26,"column":null}},"type":"if","locations":[{"start":{"line":24,"column":4},"end":{"line":26,"column":null}}]},"1":{"loc":{"start":{"line":33,"column":4},"end":{"line":35,"column":null}},"type":"if","locations":[{"start":{"line":33,"column":4},"end":{"line":35,"column":null}}]}},"s":{"0":2,"1":2,"2":2,"3":2,"4":5,"5":4,"6":4,"7":4,"8":2,"9":2,"10":2,"11":1,"12":1,"13":1,"14":1,"15":2},"f":{"0":5,"1":4},"b":{"0":[2],"1":[1]}}
,"/Users/rosa.berned/Desktop/the-API/src/modules/user/useCases/registerUser/register-user.errors.ts": {"path":"/Users/rosa.berned/Desktop/the-API/src/modules/user/useCases/registerUser/register-user.errors.ts","statementMap":{"0":{"start":{"line":1,"column":0},"end":{"line":1,"column":null}},"1":{"start":{"line":5,"column":6},"end":{"line":5,"column":44}},"2":{"start":{"line":3,"column":17},"end":{"line":7,"column":null}}},"fnMap":{"0":{"name":"(anonymous_0)","decl":{"start":{"line":1,"column":0},"end":{"line":1,"column":17}},"loc":{"start":{"line":1,"column":35},"end":{"line":8,"column":1}}},"1":{"name":"(anonymous_1)","decl":{"start":{"line":4,"column":4},"end":{"line":4,"column":16}},"loc":{"start":{"line":4,"column":29},"end":{"line":6,"column":5}}}},"branchMap":{"0":{"loc":{"start":{"line":1,"column":17},"end":{"line":1,"column":null}},"type":"binary-expr","locations":[{"start":{"line":1,"column":17},"end":{"line":1,"column":35}},{"start":{"line":1,"column":17},"end":{"line":1,"column":null}}]}},"s":{"0":1,"1":1,"2":1},"f":{"0":1,"1":1},"b":{"0":[1,1]}}
,"/Users/rosa.berned/Desktop/the-API/src/modules/user/useCases/registerUser/register-user.use-case.ts": {"path":"/Users/rosa.berned/Desktop/the-API/src/modules/user/useCases/registerUser/register-user.use-case.ts","statementMap":{"0":{"start":{"line":1,"column":0},"end":{"line":1,"column":28}},"1":{"start":{"line":5,"column":0},"end":{"line":5,"column":60}},"2":{"start":{"line":15,"column":4},"end":{"line":15,"column":29}},"3":{"start":{"line":19,"column":32},"end":{"line":19,"column":46}},"4":{"start":{"line":21,"column":22},"end":{"line":21,"column":63}},"5":{"start":{"line":23,"column":4},"end":{"line":25,"column":null}},"6":{"start":{"line":24,"column":6},"end":{"line":24,"column":64}},"7":{"start":{"line":26,"column":30},"end":{"line":26,"column":61}},"8":{"start":{"line":28,"column":38},"end":{"line":31,"column":6}},"9":{"start":{"line":33,"column":27},"end":{"line":33,"column":66}},"10":{"start":{"line":35,"column":4},"end":{"line":35,"column":26}},"11":{"start":{"line":11,"column":0},"end":{"line":11,"column":13}}},"fnMap":{"0":{"name":"(anonymous_8)","decl":{"start":{"line":14,"column":2},"end":{"line":14,"column":14}},"loc":{"start":{"line":14,"column":34},"end":{"line":16,"column":3}}},"1":{"name":"(anonymous_9)","decl":{"start":{"line":18,"column":15},"end":{"line":18,"column":22}},"loc":{"start":{"line":18,"column":55},"end":{"line":36,"column":null}}}},"branchMap":{"0":{"loc":{"start":{"line":23,"column":4},"end":{"line":25,"column":null}},"type":"if","locations":[{"start":{"line":23,"column":4},"end":{"line":25,"column":null}}]}},"s":{"0":1,"1":1,"2":2,"3":2,"4":2,"5":2,"6":1,"7":1,"8":1,"9":1,"10":1,"11":1},"f":{"0":2,"1":2},"b":{"0":[1]}}
}
