TN:
SF:src/models/user.model.ts
FNF:0
FNH:0
DA:1,1
DA:3,1
DA:10,1
DA:12,1
LF:4
LH:4
BRF:0
BRH:0
end_of_record
TN:
SF:src/modules/loginUser/do/schemas/user.schema.ts
FNF:0
FNH:0
DA:1,1
DA:4,1
DA:16,1
LF:3
LH:3
BRF:0
BRH:0
end_of_record
TN:
SF:src/modules/loginUser/repos/login.user.mongo-repo.ts
FN:7,(anonymous_8)
FN:11,(anonymous_10)
FN:15,(anonymous_12)
FN:19,(anonymous_14)
FNF:4
FNH:0
FNDA:0,(anonymous_8)
FNDA:0,(anonymous_10)
FNDA:0,(anonymous_12)
FNDA:0,(anonymous_14)
DA:2,1
DA:8,0
DA:12,0
DA:16,0
DA:23,0
DA:27,1
LF:6
LH:2
BRF:0
BRH:0
end_of_record
TN:
SF:src/modules/loginUser/useCases/getUsers/get-users.use-case.ts
FN:12,(anonymous_7)
FN:16,(anonymous_8)
FNF:2
FNH:2
FNDA:1,(anonymous_7)
FNDA:1,(anonymous_8)
DA:13,1
DA:17,1
DA:21,1
LF:3
LH:3
BRF:0
BRH:0
end_of_record
