TN:
SF:config.ts
FNF:0
FNH:0
DA:1,4
DA:10,4
LF:2
LH:2
BRDA:2,0,0,4
BRDA:2,0,1,4
BRDA:3,1,0,4
BRDA:3,1,1,4
BRDA:5,2,0,4
BRDA:5,2,1,4
BRF:6
BRH:6
end_of_record
TN:
SF:src/app.ts
FNF:0
FNH:0
DA:1,2
DA:2,2
DA:5,2
DA:7,2
DA:8,2
DA:12,2
DA:13,2
DA:15,2
LF:8
LH:8
BRF:0
BRH:0
end_of_record
TN:
SF:src/models/user.model.ts
FNF:0
FNH:0
DA:1,7
DA:3,7
DA:10,7
DA:12,7
LF:4
LH:4
BRF:0
BRH:0
end_of_record
TN:
SF:src/modules/user/do/schemas/user.schema.ts
FNF:0
FNH:0
DA:1,7
DA:4,7
DA:16,7
LF:3
LH:3
BRF:0
BRH:0
end_of_record
TN:
SF:src/modules/user/infrastructure/http/users.routes.ts
FN:7,(anonymous_7)
FN:7,(anonymous_8)
FN:8,(anonymous_9)
FN:8,(anonymous_10)
FNF:4
FNH:4
FNDA:1,(anonymous_7)
FNDA:1,(anonymous_8)
FNDA:2,(anonymous_9)
FNDA:2,(anonymous_10)
DA:1,2
DA:2,2
DA:3,2
DA:5,2
DA:7,2
DA:8,2
DA:10,2
LF:7
LH:7
BRF:0
BRH:0
end_of_record
TN:
SF:src/modules/user/repos/index.ts
FNF:0
FNH:0
DA:1,3
DA:2,3
LF:2
LH:2
BRF:0
BRH:0
end_of_record
TN:
SF:src/modules/user/repos/login.user.mongo-repo.ts
FN:7,(anonymous_8)
FN:11,(anonymous_10)
FN:15,(anonymous_12)
FN:19,(anonymous_14)
FNF:4
FNH:4
FNDA:2,(anonymous_8)
FNDA:4,(anonymous_10)
FNDA:1,(anonymous_12)
FNDA:3,(anonymous_14)
DA:2,7
DA:8,2
DA:12,4
DA:16,1
DA:23,3
DA:27,7
LF:6
LH:6
BRF:0
BRH:0
end_of_record
TN:
SF:src/modules/user/useCases/getUsers/get-users.controller.ts
FN:7,(anonymous_7)
FN:11,(anonymous_8)
FNF:2
FNH:2
FNDA:2,(anonymous_7)
FNDA:1,(anonymous_8)
DA:8,2
DA:12,1
DA:14,1
DA:18,2
LF:4
LH:4
BRF:0
BRH:0
end_of_record
TN:
SF:src/modules/user/useCases/getUsers/get-users.use-case.ts
FN:12,(anonymous_7)
FN:16,(anonymous_8)
FNF:2
FNH:2
FNDA:4,(anonymous_7)
FNDA:2,(anonymous_8)
DA:13,4
DA:17,2
DA:21,4
LF:3
LH:3
BRF:0
BRH:0
end_of_record
TN:
SF:src/modules/user/useCases/getUsers/index.ts
FNF:0
FNH:0
DA:1,2
DA:2,2
DA:3,2
DA:5,2
DA:6,2
DA:7,2
DA:9,2
LF:7
LH:7
BRF:0
BRH:0
end_of_record
TN:
SF:src/modules/user/useCases/loginUser/index.ts
FNF:0
FNH:0
DA:1,2
DA:2,2
DA:3,2
DA:5,2
DA:6,2
DA:7,2
DA:9,2
LF:7
LH:7
BRF:0
BRH:0
end_of_record
TN:
SF:src/modules/user/useCases/loginUser/login-user.controller.ts
FN:9,(anonymous_7)
FN:13,(anonymous_8)
FNF:2
FNH:2
FNDA:2,(anonymous_7)
FNDA:2,(anonymous_8)
DA:3,2
DA:6,2
DA:10,2
DA:14,2
DA:18,2
DA:19,2
DA:22,1
DA:24,1
DA:26,1
DA:27,1
DA:29,0
DA:30,0
DA:32,0
LF:13
LH:10
BRDA:24,0,0,1
BRDA:24,0,1,0
BRDA:24,0,2,0
BRF:3
BRH:1
end_of_record
TN:
SF:src/modules/user/useCases/loginUser/login-user.errors.ts
FN:1,(anonymous_0)
FN:3,(anonymous_1)
FN:9,(anonymous_2)
FNF:3
FNH:3
FNDA:4,(anonymous_0)
FNDA:3,(anonymous_1)
FNDA:1,(anonymous_2)
DA:1,4
DA:2,4
DA:4,3
DA:8,4
DA:10,1
LF:5
LH:5
BRDA:1,0,0,4
BRDA:1,0,1,4
BRF:2
BRH:2
end_of_record
TN:
SF:src/modules/user/useCases/loginUser/login-user.use-case.ts
FN:16,(anonymous_8)
FN:20,(anonymous_9)
FNF:2
FNH:2
FNDA:7,(anonymous_8)
FNDA:6,(anonymous_9)
DA:1,4
DA:2,4
DA:6,4
DA:7,4
DA:13,4
DA:17,7
DA:21,6
DA:22,6
DA:24,6
DA:25,3
DA:28,3
DA:33,3
DA:34,1
DA:37,2
DA:45,2
DA:47,2
LF:16
LH:16
BRDA:24,0,0,3
BRDA:33,1,0,1
BRF:2
BRH:2
end_of_record
